<?xml version="1.0" encoding="UTF-8"?>
<!-- Generated by org.testng.reporters.JUnitXMLReporter -->
<testsuite hostname="DESKTOP-PEDB311" ignored="0" name="Test" tests="8" failures="0" timestamp="2021-06-01T03:28:12 PDT" time="407.082" errors="0">
  <testcase name="verifyDeleteOperation" time="70.256" classname="com.dominous.operation.VerifyDeleteOperation"/>
  <testcase name="sumo" time="0.003" classname="com.dominous.operation.Remo"/>
  <testcase name="run" time="0.006" classname="com.dominous.operation.Demo"/>
  <testcase name="loginToApp" time="9.768" classname="com.dominous.operation.ValidLoginTest"/>
  <testcase name="VerifyPrintPreviewOperation" time="115.049" classname="com.dominous.operation.ValidPrintPreviewOperation"/>
  <testcase name="verifyOperationTest" time="23.475" classname="com.dominous.operation.VerifyOperationCreation"/>
  <testcase name="verifyCloneOperation" time="30.066" classname="com.dominous.operation.ValidCloneOperation"/>
  <testcase name="verifyEditOPeration" time="32.127" classname="com.dominous.operation.VerifyEditOperation"/>
</testsuite> <!-- Test -->
