<?xml version="1.0" encoding="UTF-8"?>
<testng-results skipped="0" failed="0" ignored="0" total="2" passed="2">
  <reporter-output>
    <line>
      <![CDATA[Test testRunner Started]]>
    </line>
    <line>
      <![CDATA[Login Pageis Displayed, PASS]]>
    </line>
    <line>
      <![CDATA[loginToApp test Started]]>
    </line>
    <line>
      <![CDATA[Home pageis Displayed, PASS]]>
    </line>
    <line>
      <![CDATA[loginToApp test PASSED]]>
    </line>
    <line>
      <![CDATA[Login Pageis Displayed, PASS]]>
    </line>
    <line>
      <![CDATA[verifyOperationTest test Started]]>
    </line>
    <line>
      <![CDATA[Home pageis Displayed, PASS]]>
    </line>
    <line>
      <![CDATA[custom View Pageis Displayed, PASS]]>
    </line>
    <line>
      <![CDATA[Create Campaign Pageis Displayed, PASS]]>
    </line>
    <line>
      <![CDATA[Our Campaign is Created]]>
    </line>
    <line>
      <![CDATA[verifyOperationTest test PASSED]]>
    </line>
  </reporter-output>
  <suite name="Suite" duration-ms="208191" started-at="2021-05-28T12:18:34 PDT" finished-at="2021-05-28T12:22:02 PDT">
    <groups>
    </groups>
    <test name="Test" duration-ms="208191" started-at="2021-05-28T12:18:34 PDT" finished-at="2021-05-28T12:22:02 PDT">
      <class name="com.dominous.operation.VerifyOperationCreation">
        <test-method status="PASS" signature="openBrowser()[pri:0, instance:com.dominous.operation.VerifyOperationCreation@134593bf]" name="openBrowser" is-config="true" duration-ms="14861" started-at="2021-05-28T12:19:22 PDT" finished-at="2021-05-28T12:19:37 PDT">
          <reporter-output>
            <line>
              <![CDATA[Login Pageis Displayed, PASS]]>
            </line>
          </reporter-output>
        </test-method> <!-- openBrowser -->
        <test-method status="PASS" signature="verifyOperationTest()[pri:0, instance:com.dominous.operation.VerifyOperationCreation@134593bf]" name="verifyOperationTest" duration-ms="144099" started-at="2021-05-28T12:19:37 PDT" finished-at="2021-05-28T12:22:01 PDT">
          <reporter-output>
            <line>
              <![CDATA[verifyOperationTest test Started]]>
            </line>
            <line>
              <![CDATA[Home pageis Displayed, PASS]]>
            </line>
            <line>
              <![CDATA[custom View Pageis Displayed, PASS]]>
            </line>
            <line>
              <![CDATA[Create Campaign Pageis Displayed, PASS]]>
            </line>
            <line>
              <![CDATA[Our Campaign is Created]]>
            </line>
            <line>
              <![CDATA[verifyOperationTest test PASSED]]>
            </line>
          </reporter-output>
        </test-method> <!-- verifyOperationTest -->
        <test-method status="PASS" signature="closeBrowser()[pri:0, instance:com.dominous.operation.VerifyOperationCreation@134593bf]" name="closeBrowser" is-config="true" duration-ms="1363" started-at="2021-05-28T12:22:01 PDT" finished-at="2021-05-28T12:22:02 PDT">
          <reporter-output>
          </reporter-output>
        </test-method> <!-- closeBrowser -->
      </class> <!-- com.dominous.operation.VerifyOperationCreation -->
      <class name="com.dominous.operation.ValidLoginTest">
        <test-method status="PASS" signature="openBrowser()[pri:0, instance:com.dominous.operation.ValidLoginTest@44a3ec6b]" name="openBrowser" is-config="true" duration-ms="18430" started-at="2021-05-28T12:18:34 PDT" finished-at="2021-05-28T12:18:53 PDT">
          <reporter-output>
            <line>
              <![CDATA[Login Pageis Displayed, PASS]]>
            </line>
          </reporter-output>
        </test-method> <!-- openBrowser -->
        <test-method status="PASS" signature="loginToApp()[pri:0, instance:com.dominous.operation.ValidLoginTest@44a3ec6b]" name="loginToApp" duration-ms="27839" started-at="2021-05-28T12:18:53 PDT" finished-at="2021-05-28T12:19:21 PDT">
          <reporter-output>
            <line>
              <![CDATA[loginToApp test Started]]>
            </line>
            <line>
              <![CDATA[Home pageis Displayed, PASS]]>
            </line>
            <line>
              <![CDATA[loginToApp test PASSED]]>
            </line>
          </reporter-output>
        </test-method> <!-- loginToApp -->
        <test-method status="PASS" signature="closeBrowser()[pri:0, instance:com.dominous.operation.ValidLoginTest@44a3ec6b]" name="closeBrowser" is-config="true" duration-ms="1535" started-at="2021-05-28T12:19:21 PDT" finished-at="2021-05-28T12:19:22 PDT">
          <reporter-output>
          </reporter-output>
        </test-method> <!-- closeBrowser -->
      </class> <!-- com.dominous.operation.ValidLoginTest -->
    </test> <!-- Test -->
  </suite> <!-- Suite -->
</testng-results>
